Built on Wed Aug 27 2014 08:20:12 GMT-0500 (Central Daylight Time)
Built on Wed Aug 27 2014 09:28:52 GMT-0500 (Central Daylight Time)
Built on Wed Aug 27 2014 10:43:30 GMT-0500 (Central Daylight Time)
Built on Wed Aug 27 2014 11:13:45 GMT-0500 (Central Daylight Time)
Built on Wed Aug 27 2014 21:28:34 GMT-0500 (Central Daylight Time)
Built on Thu Aug 28 2014 07:16:54 GMT-0500 (Central Daylight Time)
Built on Thu Aug 28 2014 08:22:20 GMT-0500 (Central Daylight Time)
Built on Fri Aug 29 2014 09:17:59 GMT-0500 (Central Daylight Time)
Built on Sat Aug 30 2014 15:46:44 GMT-0500 (Central Daylight Time)
Built on Sat Aug 30 2014 22:37:29 GMT-0500 (Central Daylight Time)
Built on Sat Aug 30 2014 22:38:43 GMT-0500 (Central Daylight Time)
Built on Sat Aug 30 2014 22:41:40 GMT-0500 (Central Daylight Time)
Built on Sun Aug 31 2014 20:41:49 GMT-0500 (Central Daylight Time)
Built on Mon Sep 01 2014 05:11:10 GMT-0500 (Central Daylight Time)
Built on Mon Sep 01 2014 05:27:24 GMT-0500 (Central Daylight Time)
Built on Mon Sep 01 2014 05:46:56 GMT-0500 (Central Daylight Time)
Built on Mon Sep 01 2014 16:52:57 GMT-0500 (Central Daylight Time)
Built on Mon Sep 01 2014 16:57:39 GMT-0500 (Central Daylight Time)
Built on Tue Sep 02 2014 13:18:04 GMT-0500 (Central Daylight Time)
Built on Tue Sep 02 2014 13:23:26 GMT-0500 (Central Daylight Time)
Built on Tue Sep 02 2014 13:26:37 GMT-0500 (Central Daylight Time)
Built on Tue Sep 02 2014 14:30:55 GMT-0500 (Central Daylight Time)
Built on Tue Sep 02 2014 21:56:04 GMT-0500 (Central Daylight Time)
Built on Tue Sep 02 2014 21:59:40 GMT-0500 (Central Daylight Time)
Built on Tue Sep 02 2014 22:02:55 GMT-0500 (Central Daylight Time)
Built on Tue Sep 02 2014 22:08:04 GMT-0500 (Central Daylight Time)
Built on Tue Sep 02 2014 22:42:30 GMT-0500 (Central Daylight Time)
Built on Wed Sep 03 2014 11:24:59 GMT-0500 (Central Daylight Time)
Built on Wed Sep 03 2014 13:22:24 GMT-0500 (Central Daylight Time)
Built on Thu Sep 04 2014 12:51:30 GMT-0500 (Central Daylight Time)
Built on Fri Sep 05 2014 07:52:22 GMT-0500 (Central Daylight Time)
Built on Tue Sep 09 2014 11:09:23 GMT-0500 (Central Daylight Time)
Built on Tue Sep 09 2014 11:44:25 GMT-0500 (Central Daylight Time)
Built on Wed Sep 10 2014 11:33:29 GMT-0500 (Central Daylight Time)
Built on Fri Sep 12 2014 11:35:00 GMT-0500 (Central Daylight Time)
Built on Fri Sep 12 2014 17:00:28 GMT-0500 (Central Daylight Time)
